\BOOKMARK [-1][]{ctitle.-1}{\376\377\142\227\220\006\124\021\122\006\147\220\000\040\000P\000E\000\040\145\207\116\366\117\335\142\244\174\373\176\337\170\024\172\166\116\016\133\236\163\260}{}% 1
\BOOKMARK [0][]{section*.2}{\376\377\144\130\211\201}{ctitle.-1}% 2
\BOOKMARK [0][]{section*.4}{\376\377\000A\000b\000s\000t\000r\000a\000c\000t}{ctitle.-1}% 3
\BOOKMARK [0][]{thuchapter.1.0}{\376\377\166\356\137\125}{ctitle.-1}% 4
\BOOKMARK [0][]{chapter.1}{\376\377\173\054\0001\172\340\000\040\176\352\213\272}{ctitle.-1}% 5
\BOOKMARK [1][-]{section.1.1}{\376\377\0001\000.\0001\000\040\213\376\230\230\170\024\172\166\166\204\166\356\166\204\124\214\141\017\116\111}{chapter.1}% 6
\BOOKMARK [1][-]{section.1.2}{\376\377\0001\000.\0002\000\040\126\375\121\205\131\026\170\024\172\166\163\260\162\266}{chapter.1}% 7
\BOOKMARK [2][-]{subsection.1.2.1}{\376\377\0001\000.\0002\000.\0001\000\040\126\375\121\205\170\024\172\166\163\260\162\266}{section.1.2}% 8
\BOOKMARK [2][-]{subsection.1.2.2}{\376\377\0001\000.\0002\000.\0002\000\040\126\375\131\026\170\024\172\166\163\260\162\266}{section.1.2}% 9
\BOOKMARK [1][-]{section.1.3}{\376\377\0001\000.\0003\000\040\147\054\213\376\230\230\116\073\211\201\170\024\172\166\121\205\133\271}{chapter.1}% 10
\BOOKMARK [0][]{chapter.2}{\376\377\173\054\0002\172\340\000\040\142\227\220\006\124\021\122\006\147\220\166\204\000P\000E\145\207\116\366\117\335\142\244\142\200\147\057}{ctitle.-1}% 11
\BOOKMARK [1][-]{section.2.1}{\376\377\0002\000.\0001\000\040\000P\000E\145\207\116\366\150\074\137\017}{chapter.2}% 12
\BOOKMARK [2][-]{subsection.2.1.1}{\376\377\0002\000.\0001\000.\0001\000\040\000P\000E\145\207\116\366\140\073\117\123\176\323\147\204}{section.2.1}% 13
\BOOKMARK [2][-]{subsection.2.1.2}{\376\377\0002\000.\0001\000.\0002\000\040\000D\000O\000S\000\040\000M\000Z\000\040\000H\000e\000a\000d\000e\000r}{section.2.1}% 14
\BOOKMARK [2][-]{subsection.2.1.3}{\376\377\0002\000.\0001\000.\0003\000\040\000P\000E\145\207\116\366\131\064}{section.2.1}% 15
\BOOKMARK [2][-]{subsection.2.1.4}{\376\377\0002\000.\0001\000.\0004\000\040\166\370\133\371\206\132\142\337\127\060\127\100}{section.2.1}% 16
\BOOKMARK [2][-]{subsection.2.1.5}{\376\377\0002\000.\0001\000.\0005\000\040\123\072\127\127\210\150}{section.2.1}% 17
\BOOKMARK [2][-]{subsection.2.1.6}{\376\377\0002\000.\0001\000.\0006\000\040\133\374\121\145\210\150}{section.2.1}% 18
\BOOKMARK [1][-]{section.2.2}{\376\377\0002\000.\0002\000\040\000P\000E\145\207\116\366\133\371\142\227\220\006\124\021\122\006\147\220\166\204\136\070\211\301\145\271\154\325}{chapter.2}% 19
\BOOKMARK [2][-]{subsection.2.2.1}{\376\377\0002\000.\0002\000.\0001\000\040\123\213\177\051\130\363}{section.2.2}% 20
\BOOKMARK [2][-]{subsection.2.2.2}{\376\377\0002\000.\0002\000.\0002\000\040\117\335\142\244\130\363}{section.2.2}% 21
\BOOKMARK [2][-]{subsection.2.2.3}{\376\377\0002\000.\0002\000.\0003\000\040\135\345\121\167\201\061\130\363}{section.2.2}% 22
\BOOKMARK [2][-]{subsection.2.2.4}{\376\377\0002\000.\0002\000.\0004\000\040\142\113\135\345\201\061\130\363}{section.2.2}% 23
\BOOKMARK [2][-]{subsection.2.2.5}{\376\377\0002\000.\0002\000.\0005\000\040\130\363\166\204\174\173\127\213\122\006\147\220}{section.2.2}% 24
\BOOKMARK [1][-]{section.2.3}{\376\377\0002\000.\0003\000\040\147\054\172\340\134\017\202\202}{chapter.2}% 25
\BOOKMARK [0][]{chapter.3}{\376\377\173\054\0003\172\340\000\040\131\032\150\067\123\026\000H\000a\000n\000d\000l\000e\000r\206\132\142\337\147\072\122\240\130\363\166\204\170\024\172\166\116\016\133\236\163\260}{ctitle.-1}% 26
\BOOKMARK [1][-]{section.3.1}{\376\377\0003\000.\0001\000\040\206\132\142\337\147\072\117\335\142\244\145\271\154\325\127\372\147\054\123\237\164\006}{chapter.3}% 27
\BOOKMARK [2][-]{subsection.3.1.1}{\376\377\0003\000.\0001\000.\0001\000\040\166\370\121\163\123\315\154\107\177\026\135\345\121\167}{section.3.1}% 28
\BOOKMARK [2][-]{subsection.3.1.2}{\376\377\0003\000.\0001\000.\0002\000\040\000X\0008\0006\143\007\116\344}{section.3.1}% 29
\BOOKMARK [1][-]{section.3.2}{\376\377\0003\000.\0002\000\040\214\003\165\050\176\246\133\232\124\214\150\106\147\266}{chapter.3}% 30
\BOOKMARK [2][-]{subsection.3.2.1}{\376\377\0003\000.\0002\000.\0001\000\040\206\132\142\337\163\257\130\203}{section.3.2}% 31
\BOOKMARK [2][-]{subsection.3.2.2}{\376\377\0003\000.\0002\000.\0002\000\040\214\003\136\246\126\150}{section.3.2}% 32
\BOOKMARK [1][-]{section.3.3}{\376\377\0003\000.\0003\000\040\131\032\150\067\123\026\000H\000a\000n\000d\000l\000e\000r\213\276\213\241}{chapter.3}% 33
\BOOKMARK [2][-]{subsection.3.3.1}{\376\377\0003\000.\0003\000.\0001\000\040\217\205\122\251\124\214\146\156\220\032\000H\000a\000n\000d\000l\000e\000r\166\204\133\236\163\260}{section.3.3}% 34
\BOOKMARK [2][-]{subsection.3.3.2}{\376\377\0003\000.\0003\000.\0002\000\040\131\032\150\067\123\026\000H\000a\000n\000l\000d\000e\000r\133\236\163\260}{section.3.3}% 35
\BOOKMARK [1][-]{section.3.4}{\376\377\0003\000.\0004\000\040\147\054\172\340\134\017\176\323}{chapter.3}% 36
\BOOKMARK [0][]{chapter.4}{\376\377\173\054\0004\172\340\000\040\227\131\140\001\122\006\147\220\155\367\155\306\142\200\147\057\170\024\172\166\116\016\133\236\163\260}{ctitle.-1}% 37
\BOOKMARK [1][-]{section.4.1}{\376\377\0004\000.\0001\000\040\136\070\165\050\166\204\123\315\214\003\213\325\142\200\147\057}{chapter.4}% 38
\BOOKMARK [2][-]{subsection.4.1.1}{\376\377\0004\000.\0001\000.\0001\000\040\202\261\143\007\116\344}{section.4.1}% 39
\BOOKMARK [2][-]{subsection.4.1.2}{\376\377\0004\000.\0001\000.\0002\000\040\145\207\116\366\133\214\145\164\140\047\150\300\232\214}{section.4.1}% 40
\BOOKMARK [2][-]{subsection.4.1.3}{\376\377\0004\000.\0001\000.\0003\000\040\214\003\213\325\126\150\150\300\155\113}{section.4.1}% 41
\BOOKMARK [1][-]{section.4.2}{\376\377\0004\000.\0002\000\040\136\372\172\313\175\042\137\025\217\333\210\114\121\375\145\160\225\364\127\372\147\054\127\127\116\244\143\142\166\204\155\367\155\306\173\227\154\325}{chapter.4}% 42
\BOOKMARK [2][-]{subsection.4.2.1}{\376\377\0004\000.\0002\000.\0001\000\040\127\372\147\054\140\035\140\363}{section.4.2}% 43
\BOOKMARK [2][-]{subsection.4.2.2}{\376\377\0004\000.\0002\000.\0002\000\040\173\227\154\325\143\317\217\360}{section.4.2}% 44
\BOOKMARK [1][-]{section.4.3}{\376\377\0004\000.\0003\000\040\116\214\217\333\122\066\155\367\155\306\126\150\213\276\213\241\116\016\133\236\163\260}{chapter.4}% 45
\BOOKMARK [2][-]{subsection.4.3.1}{\376\377\0004\000.\0003\000.\0001\000\040\140\073\117\123\213\276\213\241}{section.4.3}% 46
\BOOKMARK [2][-]{subsection.4.3.2}{\376\377\0004\000.\0003\000.\0002\000\040\116\214\217\333\122\066\122\006\147\220\126\150\213\276\213\241\116\016\133\236\163\260}{section.4.3}% 47
\BOOKMARK [2][-]{subsection.4.3.3}{\376\377\0004\000.\0003\000.\0003\000\040\155\367\155\306\126\150\166\204\213\276\213\241\116\016\133\236\163\260}{section.4.3}% 48
\BOOKMARK [2][-]{subsection.4.3.4}{\376\377\0004\000.\0003\000.\0004\000\040\116\214\217\333\122\066\145\207\116\366\221\315\136\372}{section.4.3}% 49
\BOOKMARK [1][-]{section.4.4}{\376\377\0004\000.\0004\000\040\147\054\172\340\134\017\176\323}{chapter.4}% 50
\BOOKMARK [0][]{chapter.5}{\376\377\173\054\0005\172\340\000\040\174\373\176\337\133\236\163\260\116\016\155\113\213\325}{ctitle.-1}% 51
\BOOKMARK [1][-]{section.5.1}{\376\377\0005\000.\0001\000\040\140\073\117\123\213\276\213\241\145\271\150\110}{chapter.5}% 52
\BOOKMARK [2][-]{subsection.5.1.1}{\376\377\0005\000.\0001\000.\0001\000\040\177\026\172\013\213\355\212\000\166\204\220\011\142\351}{section.5.1}% 53
\BOOKMARK [2][-]{subsection.5.1.2}{\376\377\0005\000.\0001\000.\0002\000\040\217\157\116\366\166\204\174\373\176\337\147\204\147\266}{section.5.1}% 54
\BOOKMARK [1][-]{section.5.2}{\376\377\0005\000.\0002\000\040\122\237\200\375\232\214\213\301}{chapter.5}% 55
\BOOKMARK [2][-]{subsection.5.2.1}{\376\377\0005\000.\0002\000.\0001\000\040\206\132\142\337\147\072\122\240\130\363\122\237\200\375\232\214\213\301}{section.5.2}% 56
\BOOKMARK [2][-]{subsection.5.2.2}{\376\377\0005\000.\0002\000.\0002\000\040\116\214\217\333\122\066\155\367\155\306\126\150\122\237\200\375\232\214\213\301}{section.5.2}% 57
\BOOKMARK [1][-]{section.5.3}{\376\377\0005\000.\0003\000\040\140\047\200\375\213\304\117\060}{chapter.5}% 58
\BOOKMARK [2][-]{subsection.5.3.1}{\376\377\0005\000.\0003\000.\0001\000\040\206\132\142\337\147\072\122\240\130\363\140\047\200\375\213\304\117\060}{section.5.3}% 59
\BOOKMARK [2][-]{subsection.5.3.2}{\376\377\0005\000.\0003\000.\0002\000\040\116\214\217\333\122\066\155\367\155\306\126\150\122\237\200\375\213\304\117\060}{section.5.3}% 60
\BOOKMARK [1][-]{section.5.4}{\376\377\0005\000.\0004\000\040\147\054\172\340\134\017\176\323}{chapter.5}% 61
\BOOKMARK [0][]{section*.55}{\376\377\176\323\213\272}{ctitle.-1}% 62
\BOOKMARK [0][]{section*.57}{\376\377\123\302\200\003\145\207\163\056}{ctitle.-1}% 63
\BOOKMARK [0][]{section*.59}{\376\377\145\073\213\373\170\125\130\353\133\146\117\115\147\037\225\364\123\321\210\150\166\204\133\146\147\057\213\272\145\207\116\016\170\024\172\166\142\020\147\234}{ctitle.-1}% 64
\BOOKMARK [0][]{section*.61}{\376\377\201\364\214\042}{ctitle.-1}% 65
